
2024/04/26 16:13:53 logger.go:182: [32m/home/bushu/Documents/goland/goblue-back/utils/dynamic_salt.go:42
[0m[33m[5.608ms] [34;1m[rows:1][0m SELECT * FROM "jwt_salts" WHERE id = 1 ORDER BY "jwt_salts"."id" LIMIT 1

2024/04/26 16:13:53 logger.go:182: [32m/home/bushu/Documents/goland/goblue-back/utils/dynamic_salt.go:51
[0m[33m[25.589ms] [34;1m[rows:1][0m UPDATE "jwt_salts" SET "salt_a"='1ZkexW3kX7bJDFYacK3EMiHmH',"salt_b"='kn5oH9YXNpmg8ikMF19UuRxJm' WHERE "id" = 1

2024/05/02 07:57:19 logger.go:182: [32m
[0m[33m[1.897ms] [34;1m[rows:63][0m SELECT * FROM "end_points" WHERE "end_points"."feature_id" IN (1,2,3,4,5,6,7,8,9,10,11,12,13,14)

2024/05/02 07:57:19 logger.go:182: [32m/home/bushu/Documents/goland/goblue-back/admin/models/helper.go:46
[0m[33m[5.368ms] [34;1m[rows:14][0m SELECT * FROM "features" WHERE "features"."role_id" IN (1,2,3,4,5,6)

2024/05/02 07:57:19 logger.go:182: [32m/home/bushu/Documents/goland/goblue-back/admin/models/helper.go:46
[0m[33m[7.122ms] [34;1m[rows:6][0m SELECT * FROM "roles" WHERE "roles"."app_id" = 1

2024/05/02 07:57:19 logger.go:182: [32m/home/bushu/Documents/goland/goblue-back/admin/models/helper.go:46
[0m[33m[13.659ms] [34;1m[rows:1][0m SELECT * FROM "apps" WHERE uuid = '48015a9b-5a86-4a15-944b-94108aa78b4b' ORDER BY "apps"."id" LIMIT 1

2024/05/02 07:57:19 logger.go:182: [32m/home/bushu/Documents/goland/goblue-back/manager/run.go:123
[0m[33m[2.302ms] [34;1m[rows:0][0m INSERT INTO "end_points" ("name","route_paths","method","description","feature_id") VALUES ('swagger_routes_get','/docs/*','GET','swagger_routes-GET',NULL) ON CONFLICT DO NOTHING RETURNING "id"

2024/05/02 07:57:19 logger.go:182: [32m/home/bushu/Documents/goland/goblue-back/manager/run.go:123
[0m[33m[0.261ms] [34;1m[rows:0][0m INSERT INTO "end_points" ("name","route_paths","method","description","feature_id") VALUES ('custom_metrics_route_get','/lmetrics','GET','custom_metrics_route-GET',NULL) ON CONFLICT DO NOTHING RETURNING "id"

2024/05/02 07:57:19 logger.go:182: [32m/home/bushu/Documents/goland/goblue-back/manager/run.go:123
[0m[33m[0.254ms] [34;1m[rows:0][0m INSERT INTO "end_points" ("name","route_paths","method","description","feature_id") VALUES ('check_login_get','/api/v1/checklogin','GET','check_login-GET',NULL) ON CONFLICT DO NOTHING RETURNING "id"

2024/05/02 07:57:19 logger.go:182: [32m/home/bushu/Documents/goland/goblue-back/manager/run.go:123
[0m[33m[0.214ms] [34;1m[rows:0][0m INSERT INTO "end_points" ("name","route_paths","method","description","feature_id") VALUES ('roles_get','/api/v1/roles','GET','roles-GET',NULL) ON CONFLICT DO NOTHING RETURNING "id"

2024/05/02 07:57:19 logger.go:182: [32m/home/bushu/Documents/goland/goblue-back/manager/run.go:123
[0m[33m[0.164ms] [34;1m[rows:0][0m INSERT INTO "end_points" ("name","route_paths","method","description","feature_id") VALUES ('roles_single_get','/api/v1/roles/:id','GET','roles_single-GET',NULL) ON CONFLICT DO NOTHING RETURNING "id"

2024/05/02 07:57:19 logger.go:182: [32m/home/bushu/Documents/goland/goblue-back/manager/run.go:123
[0m[33m[0.198ms] [34;1m[rows:0][0m INSERT INTO "end_points" ("name","route_paths","method","description","feature_id") VALUES ('drop_roles_get','/api/v1/droproles','GET','drop_roles-GET',NULL) ON CONFLICT DO NOTHING RETURNING "id"

2024/05/02 07:57:19 logger.go:182: [32m/home/bushu/Documents/goland/goblue-back/manager/run.go:123
[0m[33m[0.178ms] [34;1m[rows:0][0m INSERT INTO "end_points" ("name","route_paths","method","description","feature_id") VALUES ('roles_endpoints_get','/api/v1/role_endpoints','GET','roles_endpoints-GET',NULL) ON CONFLICT DO NOTHING RETURNING "id"

2024/05/02 07:57:19 logger.go:182: [32m/home/bushu/Documents/goland/goblue-back/manager/run.go:123
[0m[33m[0.156ms] [34;1m[rows:0][0m INSERT INTO "end_points" ("name","route_paths","method","description","feature_id") VALUES ('features_get','/api/v1/features','GET','features-GET',NULL) ON CONFLICT DO NOTHING RETURNING "id"

2024/05/02 07:57:19 logger.go:182: [32m/home/bushu/Documents/goland/goblue-back/manager/run.go:123
[0m[33m[0.171ms] [34;1m[rows:0][0m INSERT INTO "end_points" ("name","route_paths","method","description","feature_id") VALUES ('features_single_get','/api/v1/features/:id','GET','features_single-GET',NULL) ON CONFLICT DO NOTHING RETURNING "id"

2024/05/02 07:57:19 logger.go:182: [32m/home/bushu/Documents/goland/goblue-back/manager/run.go:123
[0m[33m[0.176ms] [34;1m[rows:0][0m INSERT INTO "end_points" ("name","route_paths","method","description","feature_id") VALUES ('drop_features_get','/api/v1/featuredrop','GET','drop_features-GET',NULL) ON CONFLICT DO NOTHING RETURNING "id"

2024/05/02 07:57:19 logger.go:182: [32m/home/bushu/Documents/goland/goblue-back/manager/run.go:123
[0m[33m[0.183ms] [34;1m[rows:0][0m INSERT INTO "end_points" ("name","route_paths","method","description","feature_id") VALUES ('apps_get','/api/v1/apps','GET','apps-GET',NULL) ON CONFLICT DO NOTHING RETURNING "id"

2024/05/02 07:57:19 logger.go:182: [32m/home/bushu/Documents/goland/goblue-back/manager/run.go:123
[0m[33m[0.215ms] [34;1m[rows:0][0m INSERT INTO "end_points" ("name","route_paths","method","description","feature_id") VALUES ('apps_single_get','/api/v1/apps/:id','GET','apps_single-GET',NULL) ON CONFLICT DO NOTHING RETURNING "id"

2024/05/02 07:57:19 logger.go:182: [32m/home/bushu/Documents/goland/goblue-back/manager/run.go:123
[0m[33m[0.171ms] [34;1m[rows:0][0m INSERT INTO "end_points" ("name","route_paths","method","description","feature_id") VALUES ('drop_sppd_get','/api/v1/appsdrop','GET','drop_sppd-GET',NULL) ON CONFLICT DO NOTHING RETURNING "id"

2024/05/02 07:57:19 logger.go:182: [32m/home/bushu/Documents/goland/goblue-back/manager/run.go:123
[0m[33m[0.189ms] [34;1m[rows:0][0m INSERT INTO "end_points" ("name","route_paths","method","description","feature_id") VALUES ('apps_features_get','/api/v1/appsmatrix/:id','GET','apps_features-GET',NULL) ON CONFLICT DO NOTHING RETURNING "id"

2024/05/02 07:57:19 logger.go:182: [32m/home/bushu/Documents/goland/goblue-back/manager/run.go:123
[0m[33m[0.151ms] [34;1m[rows:0][0m INSERT INTO "end_points" ("name","route_paths","method","description","feature_id") VALUES ('users_get','/api/v1/users','GET','users-GET',NULL) ON CONFLICT DO NOTHING RETURNING "id"

2024/05/02 07:57:19 logger.go:182: [32m/home/bushu/Documents/goland/goblue-back/manager/run.go:123
[0m[33m[0.149ms] [34;1m[rows:0][0m INSERT INTO "end_points" ("name","route_paths","method","description","feature_id") VALUES ('user_single_get','/api/v1/users/:id','GET','user_single-GET',NULL) ON CONFLICT DO NOTHING RETURNING "id"

2024/05/02 07:57:19 logger.go:182: [32m/home/bushu/Documents/goland/goblue-back/manager/run.go:123
[0m[33m[0.214ms] [34;1m[rows:0][0m INSERT INTO "end_points" ("name","route_paths","method","description","feature_id") VALUES ('get_user_roles_get','/api/v1/userrole/:user_id','GET','get_user_roles-GET',NULL) ON CONFLICT DO NOTHING RETURNING "id"

2024/05/02 07:57:19 logger.go:182: [32m/home/bushu/Documents/goland/goblue-back/manager/run.go:123
[0m[33m[0.200ms] [34;1m[rows:0][0m INSERT INTO "end_points" ("name","route_paths","method","description","feature_id") VALUES ('pages_get','/api/v1/pages','GET','pages-GET',NULL) ON CONFLICT DO NOTHING RETURNING "id"

2024/05/02 07:57:19 logger.go:182: [32m/home/bushu/Documents/goland/goblue-back/manager/run.go:123
[0m[33m[0.256ms] [34;1m[rows:0][0m INSERT INTO "end_points" ("name","route_paths","method","description","feature_id") VALUES ('page_single_get','/api/v1/pages/:id','GET','page_single-GET',NULL) ON CONFLICT DO NOTHING RETURNING "id"

2024/05/02 07:57:19 logger.go:182: [32m/home/bushu/Documents/goland/goblue-back/manager/run.go:123
[0m[33m[0.475ms] [34;1m[rows:0][0m INSERT INTO "end_points" ("name","route_paths","method","description","feature_id") VALUES ('get_page_roles_get','/api/v1/pagesroles/:page_id','GET','get_page_roles-GET',NULL) ON CONFLICT DO NOTHING RETURNING "id"

2024/05/02 07:57:19 logger.go:182: [32m/home/bushu/Documents/goland/goblue-back/manager/run.go:123
[0m[33m[0.468ms] [34;1m[rows:0][0m INSERT INTO "end_points" ("name","route_paths","method","description","feature_id") VALUES ('end_point_get','/api/v1/endpoints','GET','end_point-GET',NULL) ON CONFLICT DO NOTHING RETURNING "id"

2024/05/02 07:57:19 logger.go:182: [32m/home/bushu/Documents/goland/goblue-back/manager/run.go:123
[0m[33m[0.378ms] [34;1m[rows:0][0m INSERT INTO "end_points" ("name","route_paths","method","description","feature_id") VALUES ('end_point_single_get','/api/v1/endpoints/:id','GET','end_point_single-GET',NULL) ON CONFLICT DO NOTHING RETURNING "id"

2024/05/02 07:57:19 logger.go:182: [32m/home/bushu/Documents/goland/goblue-back/manager/run.go:123
[0m[33m[0.343ms] [34;1m[rows:0][0m INSERT INTO "end_points" ("name","route_paths","method","description","feature_id") VALUES ('drop_endpoints_get','/api/v1/endpointdrop','GET','drop_endpoints-GET',NULL) ON CONFLICT DO NOTHING RETURNING "id"

2024/05/02 07:57:19 logger.go:182: [32m/home/bushu/Documents/goland/goblue-back/manager/run.go:123
[0m[33m[0.377ms] [34;1m[rows:0][0m INSERT INTO "end_points" ("name","route_paths","method","description","feature_id") VALUES ('dashboard_one_get','/api/v1/dashboard','GET','dashboard_one-GET',NULL) ON CONFLICT DO NOTHING RETURNING "id"

2024/05/02 07:57:19 logger.go:182: [32m/home/bushu/Documents/goland/goblue-back/manager/run.go:123
[0m[33m[0.242ms] [34;1m[rows:0][0m INSERT INTO "end_points" ("name","route_paths","method","description","feature_id") VALUES ('dashboard_two_get','/api/v1/dashboardends','GET','dashboard_two-GET',NULL) ON CONFLICT DO NOTHING RETURNING "id"

2024/05/02 07:57:19 logger.go:182: [32m/home/bushu/Documents/goland/goblue-back/manager/run.go:123
[0m[33m[0.191ms] [34;1m[rows:0][0m INSERT INTO "end_points" ("name","route_paths","method","description","feature_id") VALUES ('dashboard_three_get','/api/v1/dashboardfeat','GET','dashboard_three-GET',NULL) ON CONFLICT DO NOTHING RETURNING "id"

2024/05/02 07:57:19 logger.go:182: [32m/home/bushu/Documents/goland/goblue-back/manager/run.go:123
[0m[33m[0.168ms] [34;1m[rows:0][0m INSERT INTO "end_points" ("name","route_paths","method","description","feature_id") VALUES ('dashboard_four_get','/api/v1/dashboardpages','GET','dashboard_four-GET',NULL) ON CONFLICT DO NOTHING RETURNING "id"

2024/05/02 07:57:19 logger.go:182: [32m/home/bushu/Documents/goland/goblue-back/manager/run.go:123
[0m[33m[0.192ms] [34;1m[rows:0][0m INSERT INTO "end_points" ("name","route_paths","method","description","feature_id") VALUES ('dashboard_five_get','/api/v1/dashboardroles','GET','dashboard_five-GET',NULL) ON CONFLICT DO NOTHING RETURNING "id"

2024/05/02 07:57:19 logger.go:182: [32m/home/bushu/Documents/goland/goblue-back/manager/run.go:123
[0m[33m[0.184ms] [34;1m[rows:0][0m INSERT INTO "end_points" ("name","route_paths","method","description","feature_id") VALUES ('dashboard_six_get','/api/v1/dashboardrolespage','GET','dashboard_six-GET',NULL) ON CONFLICT DO NOTHING RETURNING "id"

2024/05/02 07:57:19 logger.go:182: [32m/home/bushu/Documents/goland/goblue-back/manager/run.go:123
[0m[33m[0.197ms] [34;1m[rows:0][0m INSERT INTO "end_points" ("name","route_paths","method","description","feature_id") VALUES ('login_route_post','/api/v1/login','POST','login_route-POST',NULL) ON CONFLICT DO NOTHING RETURNING "id"

2024/05/02 07:57:19 logger.go:182: [32m/home/bushu/Documents/goland/goblue-back/manager/run.go:123
[0m[33m[0.175ms] [34;1m[rows:0][0m INSERT INTO "end_points" ("name","route_paths","method","description","feature_id") VALUES ('roles_post','/api/v1/roles','POST','roles-POST',NULL) ON CONFLICT DO NOTHING RETURNING "id"

2024/05/02 07:57:19 logger.go:182: [32m/home/bushu/Documents/goland/goblue-back/manager/run.go:123
[0m[33m[0.229ms] [34;1m[rows:0][0m INSERT INTO "end_points" ("name","route_paths","method","description","feature_id") VALUES ('features_post','/api/v1/features','POST','features-POST',NULL) ON CONFLICT DO NOTHING RETURNING "id"

2024/05/02 07:57:19 logger.go:182: [32m/home/bushu/Documents/goland/goblue-back/manager/run.go:123
[0m[33m[0.213ms] [34;1m[rows:0][0m INSERT INTO "end_points" ("name","route_paths","method","description","feature_id") VALUES ('apps_post','/api/v1/apps','POST','apps-POST',NULL) ON CONFLICT DO NOTHING RETURNING "id"

2024/05/02 07:57:19 logger.go:182: [32m/home/bushu/Documents/goland/goblue-back/manager/run.go:123
[0m[33m[0.190ms] [34;1m[rows:0][0m INSERT INTO "end_points" ("name","route_paths","method","description","feature_id") VALUES ('users_post','/api/v1/users','POST','users-POST',NULL) ON CONFLICT DO NOTHING RETURNING "id"

2024/05/02 07:57:19 logger.go:182: [32m/home/bushu/Documents/goland/goblue-back/manager/run.go:123
[0m[33m[0.213ms] [34;1m[rows:0][0m INSERT INTO "end_points" ("name","route_paths","method","description","feature_id") VALUES ('user_role_post','/api/v1/userrole/:user_id/:role_id','POST','user_role-POST',NULL) ON CONFLICT DO NOTHING RETURNING "id"

2024/05/02 07:57:19 logger.go:182: [32m/home/bushu/Documents/goland/goblue-back/manager/run.go:123
[0m[33m[0.194ms] [34;1m[rows:0][0m INSERT INTO "end_points" ("name","route_paths","method","description","feature_id") VALUES ('pages_post','/api/v1/pages','POST','pages-POST',NULL) ON CONFLICT DO NOTHING RETURNING "id"

2024/05/02 07:57:19 logger.go:182: [32m/home/bushu/Documents/goland/goblue-back/manager/run.go:123
[0m[33m[0.229ms] [34;1m[rows:0][0m INSERT INTO "end_points" ("name","route_paths","method","description","feature_id") VALUES ('page_roles_post','/api/v1/pagerole/:page_id/:role_id','POST','page_roles-POST',NULL) ON CONFLICT DO NOTHING RETURNING "id"

2024/05/02 07:57:19 logger.go:182: [32m/home/bushu/Documents/goland/goblue-back/manager/run.go:123
[0m[33m[0.197ms] [34;1m[rows:0][0m INSERT INTO "end_points" ("name","route_paths","method","description","feature_id") VALUES ('end_point_post','/api/v1/endpoints','POST','end_point-POST',NULL) ON CONFLICT DO NOTHING RETURNING "id"

2024/05/02 07:57:19 logger.go:182: [32m/home/bushu/Documents/goland/goblue-back/manager/run.go:123
[0m[33m[0.177ms] [34;1m[rows:0][0m INSERT INTO "end_points" ("name","route_paths","method","description","feature_id") VALUES ('send_email_post','/api/v1/email','POST','send_email-POST',NULL) ON CONFLICT DO NOTHING RETURNING "id"

2024/05/02 07:57:19 logger.go:182: [32m/home/bushu/Documents/goland/goblue-back/manager/run.go:123
[0m[33m[0.172ms] [34;1m[rows:0][0m INSERT INTO "end_points" ("name","route_paths","method","description","feature_id") VALUES ('blob_picture_post','/api/v1/blobpic','POST','blob_picture-POST',NULL) ON CONFLICT DO NOTHING RETURNING "id"

2024/05/02 07:57:19 logger.go:182: [32m/home/bushu/Documents/goland/goblue-back/manager/run.go:123
[0m[33m[0.195ms] [34;1m[rows:0][0m INSERT INTO "end_points" ("name","route_paths","method","description","feature_id") VALUES ('blob_video_post','/api/v1/blobvideo','POST','blob_video-POST',NULL) ON CONFLICT DO NOTHING RETURNING "id"

2024/05/02 07:57:19 logger.go:182: [32m/home/bushu/Documents/goland/goblue-back/manager/run.go:123
[0m[33m[0.182ms] [34;1m[rows:0][0m INSERT INTO "end_points" ("name","route_paths","method","description","feature_id") VALUES ('activate_deactivate_role_put','/api/v1/roles/:role_id','PUT','activate_deactivate_role-PUT',NULL) ON CONFLICT DO NOTHING RETURNING "id"

2024/05/02 07:57:19 logger.go:182: [32m/home/bushu/Documents/goland/goblue-back/manager/run.go:123
[0m[33m[0.174ms] [34;1m[rows:0][0m INSERT INTO "end_points" ("name","route_paths","method","description","feature_id") VALUES ('activate_deactivate_features_put','/api/v1/features/:feature_id','PUT','activate_deactivate_features-PUT',NULL) ON CONFLICT DO NOTHING RETURNING "id"

2024/05/02 07:57:19 logger.go:182: [32m/home/bushu/Documents/goland/goblue-back/manager/run.go:123
[0m[33m[0.187ms] [34;1m[rows:0][0m INSERT INTO "end_points" ("name","route_paths","method","description","feature_id") VALUES ('activate_deactivate_user_put','/api/v1/users/:user_id','PUT','activate_deactivate_user-PUT',NULL) ON CONFLICT DO NOTHING RETURNING "id"

2024/05/02 07:57:19 logger.go:182: [32m/home/bushu/Documents/goland/goblue-back/manager/run.go:123
[0m[33m[0.270ms] [34;1m[rows:0][0m INSERT INTO "end_points" ("name","route_paths","method","description","feature_id") VALUES ('change_reset_password_put','/api/v1/users','PUT','change_reset_password-PUT',NULL) ON CONFLICT DO NOTHING RETURNING "id"

2024/05/02 07:57:19 logger.go:182: [32m/home/bushu/Documents/goland/goblue-back/manager/run.go:123
[0m[33m[0.365ms] [34;1m[rows:0][0m INSERT INTO "end_points" ("name","route_paths","method","description","feature_id") VALUES ('roles_single_delete','/api/v1/roles/:id','DELETE','roles_single-DELETE',NULL) ON CONFLICT DO NOTHING RETURNING "id"

2024/05/02 07:57:19 logger.go:182: [32m/home/bushu/Documents/goland/goblue-back/manager/run.go:123
[0m[33m[0.387ms] [34;1m[rows:0][0m INSERT INTO "end_points" ("name","route_paths","method","description","feature_id") VALUES ('features_single_delete','/api/v1/features/:id','DELETE','features_single-DELETE',NULL) ON CONFLICT DO NOTHING RETURNING "id"

2024/05/02 07:57:19 logger.go:182: [32m/home/bushu/Documents/goland/goblue-back/manager/run.go:123
[0m[33m[0.287ms] [34;1m[rows:0][0m INSERT INTO "end_points" ("name","route_paths","method","description","feature_id") VALUES ('feature_role_delete','/api/v1/featuresrole/:feature_id','DELETE','feature_role-DELETE',NULL) ON CONFLICT DO NOTHING RETURNING "id"

2024/05/02 07:57:19 logger.go:182: [32m/home/bushu/Documents/goland/goblue-back/manager/run.go:123
[0m[33m[0.222ms] [34;1m[rows:0][0m INSERT INTO "end_points" ("name","route_paths","method","description","feature_id") VALUES ('apps_single_delete','/api/v1/apps/:id','DELETE','apps_single-DELETE',NULL) ON CONFLICT DO NOTHING RETURNING "id"

2024/05/02 07:57:19 logger.go:182: [32m/home/bushu/Documents/goland/goblue-back/manager/run.go:123
[0m[33m[0.498ms] [34;1m[rows:0][0m INSERT INTO "end_points" ("name","route_paths","method","description","feature_id") VALUES ('user_single_delete','/api/v1/users/:id','DELETE','user_single-DELETE',NULL) ON CONFLICT DO NOTHING RETURNING "id"

2024/05/02 07:57:19 logger.go:182: [32m/home/bushu/Documents/goland/goblue-back/manager/run.go:123
[0m[33m[0.307ms] [34;1m[rows:0][0m INSERT INTO "end_points" ("name","route_paths","method","description","feature_id") VALUES ('user_role_delete','/api/v1/userrole/:user_id/:role_id','DELETE','user_role-DELETE',NULL) ON CONFLICT DO NOTHING RETURNING "id"

2024/05/02 07:57:19 logger.go:182: [32m/home/bushu/Documents/goland/goblue-back/manager/run.go:123
[0m[33m[0.266ms] [34;1m[rows:0][0m INSERT INTO "end_points" ("name","route_paths","method","description","feature_id") VALUES ('page_single_delete','/api/v1/pages/:id','DELETE','page_single-DELETE',NULL) ON CONFLICT DO NOTHING RETURNING "id"

2024/05/02 07:57:19 logger.go:182: [32m/home/bushu/Documents/goland/goblue-back/manager/run.go:123
[0m[33m[0.320ms] [34;1m[rows:0][0m INSERT INTO "end_points" ("name","route_paths","method","description","feature_id") VALUES ('page_roles_delete','/api/v1/pagerole/:page_id/:role_id','DELETE','page_roles-DELETE',NULL) ON CONFLICT DO NOTHING RETURNING "id"

2024/05/02 07:57:19 logger.go:182: [32m/home/bushu/Documents/goland/goblue-back/manager/run.go:123
[0m[33m[0.319ms] [34;1m[rows:0][0m INSERT INTO "end_points" ("name","route_paths","method","description","feature_id") VALUES ('end_point_single_delete','/api/v1/endpoints/:id','DELETE','end_point_single-DELETE',NULL) ON CONFLICT DO NOTHING RETURNING "id"

2024/05/02 07:57:19 logger.go:182: [32m/home/bushu/Documents/goland/goblue-back/manager/run.go:123
[0m[33m[0.297ms] [34;1m[rows:0][0m INSERT INTO "end_points" ("name","route_paths","method","description","feature_id") VALUES ('feature_endpoint_delete','/api/v1/feature_endpoint/:endpoint_id','DELETE','feature_endpoint-DELETE',NULL) ON CONFLICT DO NOTHING RETURNING "id"

2024/05/02 07:57:19 logger.go:182: [32m/home/bushu/Documents/goland/goblue-back/manager/run.go:123
[0m[33m[0.283ms] [34;1m[rows:0][0m INSERT INTO "end_points" ("name","route_paths","method","description","feature_id") VALUES ('roles_single_patch','/api/v1/roles/:id','PATCH','roles_single-PATCH',NULL) ON CONFLICT DO NOTHING RETURNING "id"

2024/05/02 07:57:19 logger.go:182: [32m/home/bushu/Documents/goland/goblue-back/manager/run.go:123
[0m[33m[0.240ms] [34;1m[rows:0][0m INSERT INTO "end_points" ("name","route_paths","method","description","feature_id") VALUES ('roles_app_patch','/api/v1/approle/:role_id','PATCH','roles_app-PATCH',NULL) ON CONFLICT DO NOTHING RETURNING "id"

2024/05/02 07:57:19 logger.go:182: [32m/home/bushu/Documents/goland/goblue-back/manager/run.go:123
[0m[33m[0.235ms] [34;1m[rows:0][0m INSERT INTO "end_points" ("name","route_paths","method","description","feature_id") VALUES ('features_single_patch','/api/v1/features/:id','PATCH','features_single-PATCH',NULL) ON CONFLICT DO NOTHING RETURNING "id"

2024/05/02 07:57:19 logger.go:182: [32m/home/bushu/Documents/goland/goblue-back/manager/run.go:123
[0m[33m[0.237ms] [34;1m[rows:0][0m INSERT INTO "end_points" ("name","route_paths","method","description","feature_id") VALUES ('feature_role_patch','/api/v1/featuresrole/:feature_id','PATCH','feature_role-PATCH',NULL) ON CONFLICT DO NOTHING RETURNING "id"

2024/05/02 07:57:19 logger.go:182: [32m/home/bushu/Documents/goland/goblue-back/manager/run.go:123
[0m[33m[0.243ms] [34;1m[rows:0][0m INSERT INTO "end_points" ("name","route_paths","method","description","feature_id") VALUES ('apps_single_patch','/api/v1/apps/:id','PATCH','apps_single-PATCH',NULL) ON CONFLICT DO NOTHING RETURNING "id"

2024/05/02 07:57:19 logger.go:182: [32m/home/bushu/Documents/goland/goblue-back/manager/run.go:123
[0m[33m[0.207ms] [34;1m[rows:0][0m INSERT INTO "end_points" ("name","route_paths","method","description","feature_id") VALUES ('user_single_patch','/api/v1/users/:id','PATCH','user_single-PATCH',NULL) ON CONFLICT DO NOTHING RETURNING "id"

2024/05/02 07:57:19 logger.go:182: [32m/home/bushu/Documents/goland/goblue-back/manager/run.go:123
[0m[33m[0.197ms] [34;1m[rows:0][0m INSERT INTO "end_points" ("name","route_paths","method","description","feature_id") VALUES ('page_single_patch','/api/v1/pages/:id','PATCH','page_single-PATCH',NULL) ON CONFLICT DO NOTHING RETURNING "id"

2024/05/02 07:57:19 logger.go:182: [32m/home/bushu/Documents/goland/goblue-back/manager/run.go:123
[0m[33m[0.175ms] [34;1m[rows:0][0m INSERT INTO "end_points" ("name","route_paths","method","description","feature_id") VALUES ('end_point_single_patch','/api/v1/endpoints/:id','PATCH','end_point_single-PATCH',NULL) ON CONFLICT DO NOTHING RETURNING "id"

2024/05/02 07:57:19 logger.go:182: [32m/home/bushu/Documents/goland/goblue-back/manager/run.go:123
[0m[33m[0.169ms] [34;1m[rows:0][0m INSERT INTO "end_points" ("name","route_paths","method","description","feature_id") VALUES ('feature_endpoint_patch','/api/v1/feature_endpoint/:endpoint_id','PATCH','feature_endpoint-PATCH',NULL) ON CONFLICT DO NOTHING RETURNING "id"
